<?xml version="1.0" encoding="UTF-8"?>
<testsuite xmlns:xsi="http://www.w3.org/2001/XMLSchema-instance" xsi:noNamespaceSchemaLocation="https://maven.apache.org/surefire/maven-surefire-plugin/xsd/surefire-test-report-3.0.xsd" version="3.0" name="cucumber.Options.TestRunner" time="568.849" tests="4" errors="1" skipped="0" failures="0">
  <properties>
[...]
</properties>
  <testcase name="User should be able to change the setting" classname="User Setting" time="12.95"/>
  <testcase name="User should be able to check the Betriebsstelle" classname="Check the Betriebsstelle" time="156.327"/>
  <testcase name="User should be able to check the vorgangsummer" classname="Check Vorgangsummer" time="114.559"/>
  <testcase name="User should be able to check ZUG_Nr" classname="Check the Zug_Nr" time="284.528">
    <error message="element click intercepted: Element &lt;button type=&quot;button&quot; aria-label=&quot;Expand&quot; class=&quot;rstcustom__expandButton&quot;&gt;&lt;/button&gt; is not clickable at point (818, 651). Other element would receive the click: &lt;td class=&quot;sc-jWBwVP bgtyLv&quot; id=&quot;cell&quot;&gt;...&lt;/td&gt;&#10;  (Session info: chrome=83.0.4103.97)&#10;Build info: version: &apos;3.10.0&apos;, revision: &apos;176b4a9&apos;, time: &apos;2018-03-02T19:03:16.397Z&apos;&#10;System info: host: &apos;ankits-mbp&apos;, ip: &apos;fe80:0:0:0:41e:5aa6:e698:dc80%en0&apos;, os.name: &apos;Mac OS X&apos;, os.arch: &apos;x86_64&apos;, os.version: &apos;10.15.4&apos;, java.version: &apos;1.8.0_241&apos;&#10;Driver info: org.openqa.selenium.chrome.ChromeDriver&#10;Capabilities {acceptInsecureCerts: false, browserName: chrome, browserVersion: 83.0.4103.97, chrome: {chromedriverVersion: 83.0.4103.39 (ccbf011cb2d2b..., userDataDir: /var/folders/g7/6s8wz7gn3_d...}, goog:chromeOptions: {debuggerAddress: localhost:56542}, javascriptEnabled: true, networkConnectionEnabled: false, pageLoadStrategy: normal, platform: MAC, platformName: MAC, proxy: Proxy(), setWindowRect: true, strictFileInteractability: false, timeouts: {implicit: 0, pageLoad: 300000, script: 30000}, unhandledPromptBehavior: dismiss and notify, webauthn:virtualAuthenticators: true}&#10;Session ID: 2ab3794f84c3a7c7e0dfc1d5ca4c220a" type="org.openqa.selenium.ElementClickInterceptedException"><![CDATA[org.openqa.selenium.ElementClickInterceptedException: 
element click intercepted: Element <button type="button" aria-label="Expand" class="rstcustom__expandButton"></button> is not clickable at point (818, 651). Other element would receive the click: <td class="sc-jWBwVP bgtyLv" id="cell">...</td>
  (Session info: chrome=83.0.4103.97)
Build info: version: '3.10.0', revision: '176b4a9', time: '2018-03-02T19:03:16.397Z'
System info: host: 'ankits-mbp', ip: 'fe80:0:0:0:41e:5aa6:e698:dc80%en0', os.name: 'Mac OS X', os.arch: 'x86_64', os.version: '10.15.4', java.version: '1.8.0_241'
Driver info: org.openqa.selenium.chrome.ChromeDriver
Capabilities {acceptInsecureCerts: false, browserName: chrome, browserVersion: 83.0.4103.97, chrome: {chromedriverVersion: 83.0.4103.39 (ccbf011cb2d2b..., userDataDir: /var/folders/g7/6s8wz7gn3_d...}, goog:chromeOptions: {debuggerAddress: localhost:56542}, javascriptEnabled: true, networkConnectionEnabled: false, pageLoadStrategy: normal, platform: MAC, platformName: MAC, proxy: Proxy(), setWindowRect: true, strictFileInteractability: false, timeouts: {implicit: 0, pageLoad: 300000, script: 30000}, unhandledPromptBehavior: dismiss and notify, webauthn:virtualAuthenticators: true}
Session ID: 2ab3794f84c3a7c7e0dfc1d5ca4c220a
]]></error>
    <system-out><![CDATA[18-Jun-2020

]]></system-out>
    <system-err><![CDATA[ChromeDriver was started successfully.
Jun 18, 2020 1:37:34 AM org.openqa.selenium.remote.ProtocolHandshake createSession
INFO: Detected dialect: W3C
]]></system-err>
  </testcase>
</testsuite>